<?xml version="1.0" encoding="UTF-8"?>
<testng-results ignored="0" total="20" passed="20" failed="0" skipped="0">
  <reporter-output>
  </reporter-output>
  <suite started-at="2025-03-27T12:57:02 IST" name="Default suite" finished-at="2025-03-27T12:57:23 IST" duration-ms="20978">
    <groups>
    </groups>
    <test started-at="2025-03-27T12:57:02 IST" name="Default test" finished-at="2025-03-27T12:57:23 IST" duration-ms="20978">
      <class name="extra.Demo3">
        <test-method signature="firefox()[pri:0, instance:extra.Demo3@799f10e1]" started-at="2025-03-27T12:57:02 IST" name="firefox" finished-at="2025-03-27T12:57:15 IST" duration-ms="13359" status="PASS">
          <reporter-output>
          </reporter-output>
        </test-method> <!-- firefox -->
        <test-method signature="firefox()[pri:0, instance:extra.Demo3@799f10e1]" started-at="2025-03-27T12:57:02 IST" name="firefox" finished-at="2025-03-27T12:57:15 IST" duration-ms="12828" status="PASS">
          <reporter-output>
          </reporter-output>
        </test-method> <!-- firefox -->
        <test-method signature="firefox()[pri:0, instance:extra.Demo3@799f10e1]" started-at="2025-03-27T12:57:02 IST" name="firefox" finished-at="2025-03-27T12:57:15 IST" duration-ms="12734" status="PASS">
          <reporter-output>
          </reporter-output>
        </test-method> <!-- firefox -->
        <test-method signature="firefox()[pri:0, instance:extra.Demo3@799f10e1]" started-at="2025-03-27T12:57:02 IST" name="firefox" finished-at="2025-03-27T12:57:15 IST" duration-ms="13220" status="PASS">
          <reporter-output>
          </reporter-output>
        </test-method> <!-- firefox -->
        <test-method signature="firefox()[pri:0, instance:extra.Demo3@799f10e1]" started-at="2025-03-27T12:57:02 IST" name="firefox" finished-at="2025-03-27T12:57:16 IST" duration-ms="13601" status="PASS">
          <reporter-output>
          </reporter-output>
        </test-method> <!-- firefox -->
        <test-method signature="firefox()[pri:0, instance:extra.Demo3@799f10e1]" started-at="2025-03-27T12:57:02 IST" name="firefox" finished-at="2025-03-27T12:57:15 IST" duration-ms="13348" status="PASS">
          <reporter-output>
          </reporter-output>
        </test-method> <!-- firefox -->
        <test-method signature="firefox()[pri:0, instance:extra.Demo3@799f10e1]" started-at="2025-03-27T12:57:02 IST" name="firefox" finished-at="2025-03-27T12:57:15 IST" duration-ms="13497" status="PASS">
          <reporter-output>
          </reporter-output>
        </test-method> <!-- firefox -->
        <test-method signature="firefox()[pri:0, instance:extra.Demo3@799f10e1]" started-at="2025-03-27T12:57:02 IST" name="firefox" finished-at="2025-03-27T12:57:15 IST" duration-ms="13188" status="PASS">
          <reporter-output>
          </reporter-output>
        </test-method> <!-- firefox -->
        <test-method signature="firefox()[pri:0, instance:extra.Demo3@799f10e1]" started-at="2025-03-27T12:57:02 IST" name="firefox" finished-at="2025-03-27T12:57:15 IST" duration-ms="13403" status="PASS">
          <reporter-output>
          </reporter-output>
        </test-method> <!-- firefox -->
        <test-method signature="firefox()[pri:0, instance:extra.Demo3@799f10e1]" started-at="2025-03-27T12:57:02 IST" name="firefox" finished-at="2025-03-27T12:57:16 IST" duration-ms="13585" status="PASS">
          <reporter-output>
          </reporter-output>
        </test-method> <!-- firefox -->
        <test-method signature="firefox()[pri:0, instance:extra.Demo3@799f10e1]" started-at="2025-03-27T12:57:02 IST" name="firefox" finished-at="2025-03-27T12:57:15 IST" duration-ms="13559" status="PASS">
          <reporter-output>
          </reporter-output>
        </test-method> <!-- firefox -->
        <test-method signature="firefox()[pri:0, instance:extra.Demo3@799f10e1]" started-at="2025-03-27T12:57:02 IST" name="firefox" finished-at="2025-03-27T12:57:15 IST" duration-ms="13517" status="PASS">
          <reporter-output>
          </reporter-output>
        </test-method> <!-- firefox -->
        <test-method signature="firefox()[pri:0, instance:extra.Demo3@799f10e1]" started-at="2025-03-27T12:57:02 IST" name="firefox" finished-at="2025-03-27T12:57:15 IST" duration-ms="12890" status="PASS">
          <reporter-output>
          </reporter-output>
        </test-method> <!-- firefox -->
        <test-method signature="firefox()[pri:0, instance:extra.Demo3@799f10e1]" started-at="2025-03-27T12:57:02 IST" name="firefox" finished-at="2025-03-27T12:57:15 IST" duration-ms="12890" status="PASS">
          <reporter-output>
          </reporter-output>
        </test-method> <!-- firefox -->
        <test-method signature="firefox()[pri:0, instance:extra.Demo3@799f10e1]" started-at="2025-03-27T12:57:02 IST" name="firefox" finished-at="2025-03-27T12:57:15 IST" duration-ms="13497" status="PASS">
          <reporter-output>
          </reporter-output>
        </test-method> <!-- firefox -->
        <test-method signature="firefox()[pri:0, instance:extra.Demo3@799f10e1]" started-at="2025-03-27T12:57:15 IST" name="firefox" finished-at="2025-03-27T12:57:22 IST" duration-ms="7251" status="PASS">
          <reporter-output>
          </reporter-output>
        </test-method> <!-- firefox -->
        <test-method signature="firefox()[pri:0, instance:extra.Demo3@799f10e1]" started-at="2025-03-27T12:57:15 IST" name="firefox" finished-at="2025-03-27T12:57:22 IST" duration-ms="7425" status="PASS">
          <reporter-output>
          </reporter-output>
        </test-method> <!-- firefox -->
        <test-method signature="firefox()[pri:0, instance:extra.Demo3@799f10e1]" started-at="2025-03-27T12:57:15 IST" name="firefox" finished-at="2025-03-27T12:57:22 IST" duration-ms="7439" status="PASS">
          <reporter-output>
          </reporter-output>
        </test-method> <!-- firefox -->
        <test-method signature="firefox()[pri:0, instance:extra.Demo3@799f10e1]" started-at="2025-03-27T12:57:15 IST" name="firefox" finished-at="2025-03-27T12:57:22 IST" duration-ms="7391" status="PASS">
          <reporter-output>
          </reporter-output>
        </test-method> <!-- firefox -->
        <test-method signature="firefox()[pri:0, instance:extra.Demo3@799f10e1]" started-at="2025-03-27T12:57:15 IST" name="firefox" finished-at="2025-03-27T12:57:23 IST" duration-ms="7702" status="PASS">
          <reporter-output>
          </reporter-output>
        </test-method> <!-- firefox -->
      </class> <!-- extra.Demo3 -->
    </test> <!-- Default test -->
  </suite> <!-- Default suite -->
</testng-results>
