<?xml version="1.0" encoding="UTF-8"?>
<testng-results ignored="0" total="2" passed="2" failed="0" skipped="0">
  <reporter-output>
  </reporter-output>
  <suite started-at="2025-03-25T12:24:00 IST" name="Suite" finished-at="2025-03-25T12:24:26 IST" duration-ms="26715">
    <groups>
      <group name="Regression">
        <method signature="OpportunityTest.createOppWithOrgTest()[pri:0, instance:opportunityTest.OpportunityTest@f5958c9]" name="createOppWithOrgTest" class="opportunityTest.OpportunityTest"/>
      </group> <!-- Regression -->
      <group name="Smoke">
        <method signature="OpportunityTest.createOppWithDateTest()[pri:0, instance:opportunityTest.OpportunityTest@2a4fb17b]" name="createOppWithDateTest" class="opportunityTest.OpportunityTest"/>
      </group> <!-- Smoke -->
    </groups>
    <test started-at="2025-03-25T12:24:00 IST" name="Test1" finished-at="2025-03-25T12:24:26 IST" duration-ms="26700">
      <class name="opportunityTest.OpportunityTest">
        <test-method signature="createOppWithDateTest()[pri:0, instance:opportunityTest.OpportunityTest@2a4fb17b]" started-at="2025-03-25T12:24:00 IST" name="createOppWithDateTest" finished-at="2025-03-25T12:24:26 IST" duration-ms="26637" status="PASS">
          <reporter-output>
          </reporter-output>
        </test-method> <!-- createOppWithDateTest -->
      </class> <!-- opportunityTest.OpportunityTest -->
    </test> <!-- Test1 -->
    <test started-at="2025-03-25T12:24:00 IST" name="Test2" finished-at="2025-03-25T12:24:26 IST" duration-ms="26715">
      <class name="opportunityTest.OpportunityTest">
        <test-method signature="createOppWithOrgTest()[pri:0, instance:opportunityTest.OpportunityTest@f5958c9]" started-at="2025-03-25T12:24:00 IST" name="createOppWithOrgTest" finished-at="2025-03-25T12:24:26 IST" duration-ms="26663" status="PASS">
          <reporter-output>
          </reporter-output>
        </test-method> <!-- createOppWithOrgTest -->
      </class> <!-- opportunityTest.OpportunityTest -->
    </test> <!-- Test2 -->
  </suite> <!-- Suite -->
</testng-results>
