<?xml version="1.0" encoding="UTF-8"?>
<!-- Generated by org.testng.reporters.JUnitXMLReporter -->
<testsuite ignored="0" hostname="TYSS-Piyush-Baldaniya" failures="0" tests="20" name="Default test" time="20.978" errors="0" timestamp="2025-03-27T12:57:23 IST">
  <testcase classname="extra.Demo3" name="firefox" time="12.734"/>
  <testcase classname="extra.Demo3" name="firefox" time="12.828"/>
  <testcase classname="extra.Demo3" name="firefox" time="12.89"/>
  <testcase classname="extra.Demo3" name="firefox" time="12.89"/>
  <testcase classname="extra.Demo3" name="firefox" time="13.188"/>
  <testcase classname="extra.Demo3" name="firefox" time="13.22"/>
  <testcase classname="extra.Demo3" name="firefox" time="13.348"/>
  <testcase classname="extra.Demo3" name="firefox" time="13.359"/>
  <testcase classname="extra.Demo3" name="firefox" time="13.403"/>
  <testcase classname="extra.Demo3" name="firefox" time="13.497"/>
  <testcase classname="extra.Demo3" name="firefox" time="13.517"/>
  <testcase classname="extra.Demo3" name="firefox" time="13.559"/>
  <testcase classname="extra.Demo3" name="firefox" time="13.497"/>
  <testcase classname="extra.Demo3" name="firefox" time="13.585"/>
  <testcase classname="extra.Demo3" name="firefox" time="13.601"/>
  <testcase classname="extra.Demo3" name="firefox" time="7.251"/>
  <testcase classname="extra.Demo3" name="firefox" time="7.425"/>
  <testcase classname="extra.Demo3" name="firefox" time="7.391"/>
  <testcase classname="extra.Demo3" name="firefox" time="7.439"/>
  <testcase classname="extra.Demo3" name="firefox" time="7.702"/>
</testsuite> <!-- Default test -->
