<?xml version="1.0" encoding="UTF-8"?>
<!-- Generated by org.testng.reporters.JUnitXMLReporter -->
<testsuite ignored="1" hostname="TYSS-Piyush-Baldaniya" failures="0" tests="1" name="Default test" time="208.715" errors="0" timestamp="2025-03-26T12:03:22 IST">
  <testcase classname="opportunityTest.CreateOppWithOrgTest" name="createOrgTest" time="17.305"/>
  <testcase classname="opportunityTest.CreateOppWithOrgTest" name="createOppWithOrgTest" time="0.0">
    <ignored/>
  </testcase> <!-- createOppWithOrgTest -->
</testsuite> <!-- Default test -->
