<?xml version="1.0" encoding="UTF-8"?>
<!-- Generated by org.testng.reporters.JUnitXMLReporter -->
<testsuite ignored="2" hostname="TYSS-Piyush-Baldaniya" failures="0" tests="1" name="Test1" time="26.7" errors="0" timestamp="2025-03-25T12:24:26 IST">
  <testcase classname="opportunityTest.OpportunityTest" name="createOppWithDateTest" time="26.637"/>
  <testcase classname="opportunityTest.OpportunityTest" name="createOppWithTypeTest" time="0.0">
    <ignored/>
  </testcase> <!-- createOppWithTypeTest -->
  <testcase classname="opportunityTest.OpportunityTest" name="createOppWithOrgTest" time="0.0">
    <ignored/>
  </testcase> <!-- createOppWithOrgTest -->
</testsuite> <!-- Test1 -->
