<?xml version="1.0" encoding="UTF-8"?>
<!-- Generated by org.testng.reporters.JUnitXMLReporter -->
<testsuite ignored="2" hostname="TYSS-Piyush-Baldaniya" failures="0" tests="1" name="Test2" time="26.715" errors="0" timestamp="2025-03-25T12:24:26 IST">
  <testcase classname="opportunityTest.OpportunityTest" name="createOppWithOrgTest" time="26.663"/>
  <testcase classname="opportunityTest.OpportunityTest" name="createOppWithDateTest" time="0.0">
    <ignored/>
  </testcase> <!-- createOppWithDateTest -->
  <testcase classname="opportunityTest.OpportunityTest" name="createOppWithTypeTest" time="0.0">
    <ignored/>
  </testcase> <!-- createOppWithTypeTest -->
</testsuite> <!-- Test2 -->
